# JRE version: OpenJDK Runtime Environment (8.0_112-b06) (build 1.8.0_112-release-b06)
# Java VM: OpenJDK 64-Bit Server VM (25.112-b06 mixed mode linux-amd64 compressed oops)
Heap:
 PSYoungGen      total 675840K, used 6475K [0x000000076ab00000, 0x000000079e100000, 0x00000007c0000000)
  eden space 541184K, 0% used [0x000000076ab00000,0x000000076ab00000,0x000000078bb80000)
  from space 134656K, 4% used [0x0000000793e80000,0x00000007944d2d10,0x000000079c200000)
  to   space 134144K, 0% used [0x000000078bb80000,0x000000078bb80000,0x0000000793e80000)
 ParOldGen       total 467456K, used 467191K [0x00000006c0000000, 0x00000006dc880000, 0x000000076ab00000)
  object space 467456K, 99% used [0x00000006c0000000,0x00000006dc83dcf8,0x00000006dc880000)
 Metaspace       used 6612K, capacity 7280K, committed 7552K, reserved 1056768K
  class space    used 597K, capacity 616K, committed 640K, reserved 1048576K
GC Heap History (10 events):
Event: 12.217 GC heap after
Heap after GC invocations=15 (full 2):
 PSYoungGen      total 478720K, used 90103K [0x000000076ab00000, 0x0000000794e80000, 0x00000007c0000000)
  eden space 388608K, 0% used [0x000000076ab00000,0x000000076ab00000,0x0000000782680000)
  from space 90112K, 99% used [0x0000000782680000,0x0000000787e7df18,0x0000000787e80000)
  to   space 114688K, 0% used [0x000000078de80000,0x000000078de80000,0x0000000794e80000)
 ParOldGen       total 286720K, used 193896K [0x00000006c0000000, 0x00000006d1800000, 0x000000076ab00000)
  object space 286720K, 67% used [0x00000006c0000000,0x00000006cbd5a0a0,0x00000006d1800000)
 Metaspace       used 6604K, capacity 7280K, committed 7552K, reserved 1056768K
  class space    used 597K, capacity 616K, committed 640K, reserved 1048576K
}
Event: 13.505 GC heap before
{Heap before GC invocations=16 (full 2):
 PSYoungGen      total 478720K, used 478711K [0x000000076ab00000, 0x0000000794e80000, 0x00000007c0000000)
  eden space 388608K, 100% used [0x000000076ab00000,0x0000000782680000,0x0000000782680000)
  from space 90112K, 99% used [0x0000000782680000,0x0000000787e7df18,0x0000000787e80000)
  to   space 114688K, 0% used [0x000000078de80000,0x000000078de80000,0x0000000794e80000)
 ParOldGen       total 286720K, used 193896K [0x00000006c0000000, 0x00000006d1800000, 0x000000076ab00000)
  object space 286720K, 67% used [0x00000006c0000000,0x00000006cbd5a0a0,0x00000006d1800000)
 Metaspace       used 6605K, capacity 7280K, committed 7552K, reserved 1056768K
  class space    used 597K, capacity 616K, committed 640K, reserved 1048576K
Event: 13.700 GC heap after
Heap after GC invocations=16 (full 2):
 PSYoungGen      total 577536K, used 61874K [0x000000076ab00000, 0x0000000795380000, 0x00000007c0000000)
  eden space 462848K, 0% used [0x000000076ab00000,0x000000076ab00000,0x0000000786f00000)
  from space 114688K, 53% used [0x000000078de80000,0x0000000791aeca98,0x0000000794e80000)
  to   space 114176K, 0% used [0x0000000786f00000,0x0000000786f00000,0x000000078de80000)
 ParOldGen       total 286720K, used 284196K [0x00000006c0000000, 0x00000006d1800000, 0x000000076ab00000)
  object space 286720K, 99% used [0x00000006c0000000,0x00000006d15892f0,0x00000006d1800000)
 Metaspace       used 6605K, capacity 7280K, committed 7552K, reserved 1056768K
  class space    used 597K, capacity 616K, committed 640K, reserved 1048576K
}
Event: 13.700 GC heap before
{Heap before GC invocations=17 (full 3):
 PSYoungGen      total 577536K, used 61874K [0x000000076ab00000, 0x0000000795380000, 0x00000007c0000000)
  eden space 462848K, 0% used [0x000000076ab00000,0x000000076ab00000,0x0000000786f00000)
  from space 114688K, 53% used [0x000000078de80000,0x0000000791aeca98,0x0000000794e80000)
  to   space 114176K, 0% used [0x0000000786f00000,0x0000000786f00000,0x000000078de80000)
 ParOldGen       total 286720K, used 284196K [0x00000006c0000000, 0x00000006d1800000, 0x000000076ab00000)
  object space 286720K, 99% used [0x00000006c0000000,0x00000006d15892f0,0x00000006d1800000)
 Metaspace       used 6605K, capacity 7280K, committed 7552K, reserved 1056768K
  class space    used 597K, capacity 616K, committed 640K, reserved 1048576K
Event: 15.121 GC heap after
Heap after GC invocations=17 (full 3):
 PSYoungGen      total 577536K, used 54305K [0x000000076ab00000, 0x0000000795380000, 0x00000007c0000000)
  eden space 462848K, 0% used [0x000000076ab00000,0x000000076ab00000,0x0000000786f00000)
  from space 114688K, 47% used [0x000000078de80000,0x0000000791388538,0x0000000794e80000)
  to   space 114176K, 0% used [0x0000000786f00000,0x0000000786f00000,0x000000078de80000)
 ParOldGen       total 467456K, used 286359K [0x00000006c0000000, 0x00000006dc880000, 0x000000076ab00000)
  object space 467456K, 61% used [0x00000006c0000000,0x00000006d17a5e60,0x00000006dc880000)
 Metaspace       used 6605K, capacity 7280K, committed 7552K, reserved 1056768K
  class space    used 597K, capacity 616K, committed 640K, reserved 1048576K
}
Event: 16.567 GC heap before
{Heap before GC invocations=18 (full 3):
 PSYoungGen      total 577536K, used 517153K [0x000000076ab00000, 0x0000000795380000, 0x00000007c0000000)
  eden space 462848K, 100% used [0x000000076ab00000,0x0000000786f00000,0x0000000786f00000)
  from space 114688K, 47% used [0x000000078de80000,0x0000000791388538,0x0000000794e80000)
  to   space 114176K, 0% used [0x0000000786f00000,0x0000000786f00000,0x000000078de80000)
 ParOldGen       total 467456K, used 286359K [0x00000006c0000000, 0x00000006dc880000, 0x000000076ab00000)
  object space 467456K, 61% used [0x00000006c0000000,0x00000006d17a5e60,0x00000006dc880000)
 Metaspace       used 6607K, capacity 7280K, committed 7552K, reserved 1056768K
  class space    used 597K, capacity 616K, committed 640K, reserved 1048576K
Event: 16.778 GC heap after
Heap after GC invocations=18 (full 3):
 PSYoungGen      total 577024K, used 114151K [0x000000076ab00000, 0x000000079c200000, 0x00000007c0000000)
  eden space 462848K, 0% used [0x000000076ab00000,0x000000076ab00000,0x0000000786f00000)
  from space 114176K, 99% used [0x0000000786f00000,0x000000078de79c80,0x000000078de80000)
  to   space 134656K, 0% used [0x0000000793e80000,0x0000000793e80000,0x000000079c200000)
 ParOldGen       total 467456K, used 291267K [0x00000006c0000000, 0x00000006dc880000, 0x000000076ab00000)
  object space 467456K, 62% used [0x00000006c0000000,0x00000006d1c70dc0,0x00000006dc880000)
 Metaspace       used 6607K, capacity 7280K, committed 7552K, reserved 1056768K
  class space    used 597K, capacity 616K, committed 640K, reserved 1048576K
}
Event: 18.102 GC heap before
{Heap before GC invocations=19 (full 3):
 PSYoungGen      total 577024K, used 576999K [0x000000076ab00000, 0x000000079c200000, 0x00000007c0000000)
  eden space 462848K, 100% used [0x000000076ab00000,0x0000000786f00000,0x0000000786f00000)
  from space 114176K, 99% used [0x0000000786f00000,0x000000078de79c80,0x000000078de80000)
  to   space 134656K, 0% used [0x0000000793e80000,0x0000000793e80000,0x000000079c200000)
 ParOldGen       total 467456K, used 291267K [0x00000006c0000000, 0x00000006dc880000, 0x000000076ab00000)
  object space 467456K, 62% used [0x00000006c0000000,0x00000006d1c70dc0,0x00000006dc880000)
 Metaspace       used 6612K, capacity 7280K, committed 7552K, reserved 1056768K
  class space    used 597K, capacity 616K, committed 640K, reserved 1048576K
Event: 18.793 GC heap after
Heap after GC invocations=19 (full 3):
 PSYoungGen      total 675840K, used 72268K [0x000000076ab00000, 0x000000079e100000, 0x00000007c0000000)
  eden space 541184K, 0% used [0x000000076ab00000,0x000000076ab00000,0x000000078bb80000)
  from space 134656K, 53% used [0x0000000793e80000,0x0000000798513118,0x000000079c200000)
  to   space 134144K, 0% used [0x000000078bb80000,0x000000078bb80000,0x0000000793e80000)
 ParOldGen       total 467456K, used 405727K [0x00000006c0000000, 0x00000006dc880000, 0x000000076ab00000)
  object space 467456K, 86% used [0x00000006c0000000,0x00000006d8c37d30,0x00000006dc880000)
 Metaspace       used 6612K, capacity 7280K, committed 7552K, reserved 1056768K
  class space    used 597K, capacity 616K, committed 640K, reserved 1048576K
}
Event: 18.793 GC heap before
{Heap before GC invocations=20 (full 4):
 PSYoungGen      total 675840K, used 72268K [0x000000076ab00000, 0x000000079e100000, 0x00000007c0000000)
  eden space 541184K, 0% used [0x000000076ab00000,0x000000076ab00000,0x000000078bb80000)
  from space 134656K, 53% used [0x0000000793e80000,0x0000000798513118,0x000000079c200000)
  to   space 134144K, 0% used [0x000000078bb80000,0x000000078bb80000,0x0000000793e80000)
 ParOldGen       total 467456K, used 405727K [0x00000006c0000000, 0x00000006dc880000, 0x000000076ab00000)
  object space 467456K, 86% used [0x00000006c0000000,0x00000006d8c37d30,0x00000006dc880000)
 Metaspace       used 6612K, capacity 7280K, committed 7552K, reserved 1056768K
  class space    used 597K, capacity 616K, committed 640K, reserved 1048576K

