# JRE version: OpenJDK Runtime Environment (8.0_112-b06) (build 1.8.0_112-release-b06)
# Java VM: OpenJDK 64-Bit Server VM (25.112-b06 mixed mode linux-amd64 compressed oops)
Heap:
 PSYoungGen      total 630272K, used 70444K [0x000000076ab00000, 0x00000007a1400000, 0x00000007c0000000)
  eden space 491520K, 0% used [0x000000076ab00000,0x000000076ab00000,0x0000000788b00000)
  from space 138752K, 50% used [0x0000000788b00000,0x000000078cfcb330,0x0000000791280000)
  to   space 139776K, 0% used [0x0000000798b80000,0x0000000798b80000,0x00000007a1400000)
 ParOldGen       total 357888K, used 357520K [0x00000006c0000000, 0x00000006d5d80000, 0x000000076ab00000)
  object space 357888K, 99% used [0x00000006c0000000,0x00000006d5d24388,0x00000006d5d80000)
 Metaspace       used 6594K, capacity 7280K, committed 7552K, reserved 1056768K
  class space    used 597K, capacity 616K, committed 640K, reserved 1048576K
GC Heap History (10 events):
Event: 9.134 GC heap after
Heap after GC invocations=11 (full 1):
 PSYoungGen      total 488448K, used 60390K [0x000000076ab00000, 0x0000000799c00000, 0x00000007c0000000)
  eden space 428032K, 0% used [0x000000076ab00000,0x000000076ab00000,0x0000000784d00000)
  from space 60416K, 99% used [0x000000078bb80000,0x000000078f679bf0,0x000000078f680000)
  to   space 113152K, 0% used [0x0000000784d00000,0x0000000784d00000,0x000000078bb80000)
 ParOldGen       total 184832K, used 184631K [0x00000006c0000000, 0x00000006cb480000, 0x000000076ab00000)
  object space 184832K, 99% used [0x00000006c0000000,0x00000006cb44dfa8,0x00000006cb480000)
 Metaspace       used 6579K, capacity 7280K, committed 7552K, reserved 1056768K
  class space    used 596K, capacity 616K, committed 640K, reserved 1048576K
}
Event: 9.134 GC heap before
{Heap before GC invocations=12 (full 2):
 PSYoungGen      total 488448K, used 60390K [0x000000076ab00000, 0x0000000799c00000, 0x00000007c0000000)
  eden space 428032K, 0% used [0x000000076ab00000,0x000000076ab00000,0x0000000784d00000)
  from space 60416K, 99% used [0x000000078bb80000,0x000000078f679bf0,0x000000078f680000)
  to   space 113152K, 0% used [0x0000000784d00000,0x0000000784d00000,0x000000078bb80000)
 ParOldGen       total 184832K, used 184631K [0x00000006c0000000, 0x00000006cb480000, 0x000000076ab00000)
  object space 184832K, 99% used [0x00000006c0000000,0x00000006cb44dfa8,0x00000006cb480000)
 Metaspace       used 6579K, capacity 7280K, committed 7552K, reserved 1056768K
  class space    used 596K, capacity 616K, committed 640K, reserved 1048576K
Event: 10.261 GC heap after
Heap after GC invocations=12 (full 2):
 PSYoungGen      total 488448K, used 51545K [0x000000076ab00000, 0x0000000799c00000, 0x00000007c0000000)
  eden space 428032K, 0% used [0x000000076ab00000,0x000000076ab00000,0x0000000784d00000)
  from space 60416K, 85% used [0x000000078bb80000,0x000000078edd65f0,0x000000078f680000)
  to   space 113152K, 0% used [0x0000000784d00000,0x0000000784d00000,0x000000078bb80000)
 ParOldGen       total 323584K, used 184609K [0x00000006c0000000, 0x00000006d3c00000, 0x000000076ab00000)
  object space 323584K, 57% used [0x00000006c0000000,0x00000006cb4486c0,0x00000006d3c00000)
 Metaspace       used 6579K, capacity 7280K, committed 7552K, reserved 1056768K
  class space    used 596K, capacity 616K, committed 640K, reserved 1048576K
}
Event: 11.614 GC heap before
{Heap before GC invocations=13 (full 2):
 PSYoungGen      total 488448K, used 479577K [0x000000076ab00000, 0x0000000799c00000, 0x00000007c0000000)
  eden space 428032K, 100% used [0x000000076ab00000,0x0000000784d00000,0x0000000784d00000)
  from space 60416K, 85% used [0x000000078bb80000,0x000000078edd65f0,0x000000078f680000)
  to   space 113152K, 0% used [0x0000000784d00000,0x0000000784d00000,0x000000078bb80000)
 ParOldGen       total 323584K, used 184609K [0x00000006c0000000, 0x00000006d3c00000, 0x000000076ab00000)
  object space 323584K, 57% used [0x00000006c0000000,0x00000006cb4486c0,0x00000006d3c00000)
 Metaspace       used 6589K, capacity 7280K, committed 7552K, reserved 1056768K
  class space    used 596K, capacity 616K, committed 640K, reserved 1048576K
Event: 11.825 GC heap after
Heap after GC invocations=13 (full 2):
 PSYoungGen      total 541184K, used 62562K [0x000000076ab00000, 0x0000000798180000, 0x00000007c0000000)
  eden space 428032K, 0% used [0x000000076ab00000,0x000000076ab00000,0x0000000784d00000)
  from space 113152K, 55% used [0x0000000784d00000,0x0000000788a18ab8,0x000000078bb80000)
  to   space 113664K, 0% used [0x0000000791280000,0x0000000791280000,0x0000000798180000)
 ParOldGen       total 323584K, used 235987K [0x00000006c0000000, 0x00000006d3c00000, 0x000000076ab00000)
  object space 323584K, 72% used [0x00000006c0000000,0x00000006ce674e30,0x00000006d3c00000)
 Metaspace       used 6589K, capacity 7280K, committed 7552K, reserved 1056768K
  class space    used 596K, capacity 616K, committed 640K, reserved 1048576K
}
Event: 13.103 GC heap before
{Heap before GC invocations=14 (full 2):
 PSYoungGen      total 541184K, used 490594K [0x000000076ab00000, 0x0000000798180000, 0x00000007c0000000)
  eden space 428032K, 100% used [0x000000076ab00000,0x0000000784d00000,0x0000000784d00000)
  from space 113152K, 55% used [0x0000000784d00000,0x0000000788a18ab8,0x000000078bb80000)
  to   space 113664K, 0% used [0x0000000791280000,0x0000000791280000,0x0000000798180000)
 ParOldGen       total 323584K, used 235987K [0x00000006c0000000, 0x00000006d3c00000, 0x000000076ab00000)
  object space 323584K, 72% used [0x00000006c0000000,0x00000006ce674e30,0x00000006d3c00000)
 Metaspace       used 6592K, capacity 7280K, committed 7552K, reserved 1056768K
  class space    used 597K, capacity 616K, committed 640K, reserved 1048576K
Event: 13.315 GC heap after
Heap after GC invocations=14 (full 2):
 PSYoungGen      total 605184K, used 113642K [0x000000076ab00000, 0x000000079ba00000, 0x00000007c0000000)
  eden space 491520K, 0% used [0x000000076ab00000,0x000000076ab00000,0x0000000788b00000)
  from space 113664K, 99% used [0x0000000791280000,0x000000079817aaa8,0x0000000798180000)
  to   space 138752K, 0% used [0x0000000788b00000,0x0000000788b00000,0x0000000791280000)
 ParOldGen       total 323584K, used 252923K [0x00000006c0000000, 0x00000006d3c00000, 0x000000076ab00000)
  object space 323584K, 78% used [0x00000006c0000000,0x00000006cf6fee20,0x00000006d3c00000)
 Metaspace       used 6592K, capacity 7280K, committed 7552K, reserved 1056768K
  class space    used 597K, capacity 616K, committed 640K, reserved 1048576K
}
Event: 14.496 GC heap before
{Heap before GC invocations=15 (full 2):
 PSYoungGen      total 605184K, used 605162K [0x000000076ab00000, 0x000000079ba00000, 0x00000007c0000000)
  eden space 491520K, 100% used [0x000000076ab00000,0x0000000788b00000,0x0000000788b00000)
  from space 113664K, 99% used [0x0000000791280000,0x000000079817aaa8,0x0000000798180000)
  to   space 138752K, 0% used [0x0000000788b00000,0x0000000788b00000,0x0000000791280000)
 ParOldGen       total 323584K, used 252923K [0x00000006c0000000, 0x00000006d3c00000, 0x000000076ab00000)
  object space 323584K, 78% used [0x00000006c0000000,0x00000006cf6fee20,0x00000006d3c00000)
 Metaspace       used 6594K, capacity 7280K, committed 7552K, reserved 1056768K
  class space    used 597K, capacity 616K, committed 640K, reserved 1048576K
Event: 14.760 GC heap after
Heap after GC invocations=15 (full 2):
 PSYoungGen      total 630272K, used 78542K [0x000000076ab00000, 0x00000007a1400000, 0x00000007c0000000)
  eden space 491520K, 0% used [0x000000076ab00000,0x000000076ab00000,0x0000000788b00000)
  from space 138752K, 56% used [0x0000000788b00000,0x000000078d7b3800,0x0000000791280000)
  to   space 139776K, 0% used [0x0000000798b80000,0x0000000798b80000,0x00000007a1400000)
 ParOldGen       total 357888K, used 357574K [0x00000006c0000000, 0x00000006d5d80000, 0x000000076ab00000)
  object space 357888K, 99% used [0x00000006c0000000,0x00000006d5d319e8,0x00000006d5d80000)
 Metaspace       used 6594K, capacity 7280K, committed 7552K, reserved 1056768K
  class space    used 597K, capacity 616K, committed 640K, reserved 1048576K
}
Event: 14.760 GC heap before
{Heap before GC invocations=16 (full 3):
 PSYoungGen      total 630272K, used 78542K [0x000000076ab00000, 0x00000007a1400000, 0x00000007c0000000)
  eden space 491520K, 0% used [0x000000076ab00000,0x000000076ab00000,0x0000000788b00000)
  from space 138752K, 56% used [0x0000000788b00000,0x000000078d7b3800,0x0000000791280000)
  to   space 139776K, 0% used [0x0000000798b80000,0x0000000798b80000,0x00000007a1400000)
 ParOldGen       total 357888K, used 357574K [0x00000006c0000000, 0x00000006d5d80000, 0x000000076ab00000)
  object space 357888K, 99% used [0x00000006c0000000,0x00000006d5d319e8,0x00000006d5d80000)
 Metaspace       used 6594K, capacity 7280K, committed 7552K, reserved 1056768K
  class space    used 597K, capacity 616K, committed 640K, reserved 1048576K

